Determining if the pthread_create exist failed with the following output:
Change Dir: /home/pradheep/neo_int_ws/build/neo_int_ws/CMakeFiles/CMakeTmp

Run Build Command:"/usr/bin/make" "cmTC_1a41c/fast"
/usr/bin/make -f CMakeFiles/cmTC_1a41c.dir/build.make CMakeFiles/cmTC_1a41c.dir/build
make[1]: Entering directory '/home/pradheep/neo_int_ws/build/neo_int_ws/CMakeFiles/CMakeTmp'
Building C object CMakeFiles/cmTC_1a41c.dir/CheckSymbolExists.c.o
/usr/bin/cc     -o CMakeFiles/cmTC_1a41c.dir/CheckSymbolExists.c.o   -c /home/pradheep/neo_int_ws/build/neo_int_ws/CMakeFiles/CMakeTmp/CheckSymbolExists.c
Linking C executable cmTC_1a41c
/usr/bin/cmake -E cmake_link_script CMakeFiles/cmTC_1a41c.dir/link.txt --verbose=1
/usr/bin/cc       CMakeFiles/cmTC_1a41c.dir/CheckSymbolExists.c.o  -o cmTC_1a41c -rdynamic 
CMakeFiles/cmTC_1a41c.dir/CheckSymbolExists.c.o: In function `main':
CheckSymbolExists.c:(.text+0x16): undefined reference to `pthread_create'
collect2: error: ld returned 1 exit status
CMakeFiles/cmTC_1a41c.dir/build.make:97: recipe for target 'cmTC_1a41c' failed
make[1]: *** [cmTC_1a41c] Error 1
make[1]: Leaving directory '/home/pradheep/neo_int_ws/build/neo_int_ws/CMakeFiles/CMakeTmp'
Makefile:126: recipe for target 'cmTC_1a41c/fast' failed
make: *** [cmTC_1a41c/fast] Error 2

File /home/pradheep/neo_int_ws/build/neo_int_ws/CMakeFiles/CMakeTmp/CheckSymbolExists.c:
/* */
#include <pthread.h>

int main(int argc, char** argv)
{
  (void)argv;
#ifndef pthread_create
  return ((int*)(&pthread_create))[argc];
#else
  (void)argc;
  return 0;
#endif
}

Determining if the function pthread_create exists in the pthreads failed with the following output:
Change Dir: /home/pradheep/neo_int_ws/build/neo_int_ws/CMakeFiles/CMakeTmp

Run Build Command:"/usr/bin/make" "cmTC_3fc34/fast"
/usr/bin/make -f CMakeFiles/cmTC_3fc34.dir/build.make CMakeFiles/cmTC_3fc34.dir/build
make[1]: Entering directory '/home/pradheep/neo_int_ws/build/neo_int_ws/CMakeFiles/CMakeTmp'
Building C object CMakeFiles/cmTC_3fc34.dir/CheckFunctionExists.c.o
/usr/bin/cc    -DCHECK_FUNCTION_EXISTS=pthread_create   -o CMakeFiles/cmTC_3fc34.dir/CheckFunctionExists.c.o   -c /usr/share/cmake-3.5/Modules/CheckFunctionExists.c
Linking C executable cmTC_3fc34
/usr/bin/cmake -E cmake_link_script CMakeFiles/cmTC_3fc34.dir/link.txt --verbose=1
/usr/bin/cc   -DCHECK_FUNCTION_EXISTS=pthread_create    CMakeFiles/cmTC_3fc34.dir/CheckFunctionExists.c.o  -o cmTC_3fc34 -rdynamic -lpthreads 
/usr/bin/ld: cannot find -lpthreads
collect2: error: ld returned 1 exit status
CMakeFiles/cmTC_3fc34.dir/build.make:97: recipe for target 'cmTC_3fc34' failed
make[1]: *** [cmTC_3fc34] Error 1
make[1]: Leaving directory '/home/pradheep/neo_int_ws/build/neo_int_ws/CMakeFiles/CMakeTmp'
Makefile:126: recipe for target 'cmTC_3fc34/fast' failed
make: *** [cmTC_3fc34/fast] Error 2


