Determining if the pthread_create exist failed with the following output:
Change Dir: /home/pradheep/neo_int_ws/build/CMakeFiles/CMakeTmp

Run Build Command:"/usr/bin/make" "cmTC_bebb0/fast"
/usr/bin/make -f CMakeFiles/cmTC_bebb0.dir/build.make CMakeFiles/cmTC_bebb0.dir/build
make[1]: Entering directory '/home/pradheep/neo_int_ws/build/CMakeFiles/CMakeTmp'
Building C object CMakeFiles/cmTC_bebb0.dir/CheckSymbolExists.c.o
/usr/bin/cc     -o CMakeFiles/cmTC_bebb0.dir/CheckSymbolExists.c.o   -c /home/pradheep/neo_int_ws/build/CMakeFiles/CMakeTmp/CheckSymbolExists.c
Linking C executable cmTC_bebb0
/usr/bin/cmake -E cmake_link_script CMakeFiles/cmTC_bebb0.dir/link.txt --verbose=1
/usr/bin/cc       CMakeFiles/cmTC_bebb0.dir/CheckSymbolExists.c.o  -o cmTC_bebb0 -rdynamic 
CMakeFiles/cmTC_bebb0.dir/CheckSymbolExists.c.o: In function `main':
CheckSymbolExists.c:(.text+0x16): undefined reference to `pthread_create'
collect2: error: ld returned 1 exit status
CMakeFiles/cmTC_bebb0.dir/build.make:97: recipe for target 'cmTC_bebb0' failed
make[1]: *** [cmTC_bebb0] Error 1
make[1]: Leaving directory '/home/pradheep/neo_int_ws/build/CMakeFiles/CMakeTmp'
Makefile:126: recipe for target 'cmTC_bebb0/fast' failed
make: *** [cmTC_bebb0/fast] Error 2

File /home/pradheep/neo_int_ws/build/CMakeFiles/CMakeTmp/CheckSymbolExists.c:
/* */
#include <pthread.h>

int main(int argc, char** argv)
{
  (void)argv;
#ifndef pthread_create
  return ((int*)(&pthread_create))[argc];
#else
  (void)argc;
  return 0;
#endif
}

Determining if the function pthread_create exists in the pthreads failed with the following output:
Change Dir: /home/pradheep/neo_int_ws/build/CMakeFiles/CMakeTmp

Run Build Command:"/usr/bin/make" "cmTC_1030f/fast"
/usr/bin/make -f CMakeFiles/cmTC_1030f.dir/build.make CMakeFiles/cmTC_1030f.dir/build
make[1]: Entering directory '/home/pradheep/neo_int_ws/build/CMakeFiles/CMakeTmp'
Building C object CMakeFiles/cmTC_1030f.dir/CheckFunctionExists.c.o
/usr/bin/cc    -DCHECK_FUNCTION_EXISTS=pthread_create   -o CMakeFiles/cmTC_1030f.dir/CheckFunctionExists.c.o   -c /usr/share/cmake-3.5/Modules/CheckFunctionExists.c
Linking C executable cmTC_1030f
/usr/bin/cmake -E cmake_link_script CMakeFiles/cmTC_1030f.dir/link.txt --verbose=1
/usr/bin/cc   -DCHECK_FUNCTION_EXISTS=pthread_create    CMakeFiles/cmTC_1030f.dir/CheckFunctionExists.c.o  -o cmTC_1030f -rdynamic -lpthreads 
/usr/bin/ld: cannot find -lpthreads
collect2: error: ld returned 1 exit status
CMakeFiles/cmTC_1030f.dir/build.make:97: recipe for target 'cmTC_1030f' failed
make[1]: *** [cmTC_1030f] Error 1
make[1]: Leaving directory '/home/pradheep/neo_int_ws/build/CMakeFiles/CMakeTmp'
Makefile:126: recipe for target 'cmTC_1030f/fast' failed
make: *** [cmTC_1030f/fast] Error 2


